<?xml version="1.0" encoding="UTF-8"?>
<testsuite xmlns:xsi="http://www.w3.org/2001/XMLSchema-instance" xsi:noNamespaceSchemaLocation="https://maven.apache.org/surefire/maven-surefire-plugin/xsd/surefire-test-report-3.0.xsd" version="3.0" name="com.api_gateway.ApiGatewayApplicationTests" time="4.058" tests="1" errors="0" skipped="0" failures="0">
  <properties>
[...]
</properties>
  <testcase name="contextLoads" classname="com.api_gateway.ApiGatewayApplicationTests" time="0.594">
    <system-out><![CDATA[17:11:22.823 [main] INFO org.springframework.test.context.support.AnnotationConfigContextLoaderUtils -- Could not detect default configuration classes for test class [com.api_gateway.ApiGatewayApplicationTests]: ApiGatewayApplicationTests does not declare any static, non-private, non-final, nested classes annotated with @Configuration.
17:11:22.882 [main] INFO org.springframework.boot.test.context.SpringBootTestContextBootstrapper -- Found @SpringBootConfiguration com.api_gateway.ApiGatewayApplication for test class com.api_gateway.ApiGatewayApplicationTests
17:11:22.973 [main] INFO org.springframework.boot.devtools.restart.RestartApplicationListener -- Restart disabled due to context in which it is running

  .   ____          _            __ _ _
 /\\ / ___'_ __ _ _(_)_ __  __ _ \ \ \ \
( ( )\___ | '_ | '_| | '_ \/ _` | \ \ \ \
 \\/  ___)| |_)| | | | | || (_| |  ) ) ) )
  '  |____| .__|_| |_|_| |_\__, | / / / /
 =========|_|==============|___/=/_/_/_/

 :: Spring Boot ::                (v3.3.1)

2024-07-04T17:11:23.749-05:00  INFO 35329 --- [api-gateway] [           main] c.c.c.ConfigServicePropertySourceLocator : Fetching config from server at : http://localhost:8889
2024-07-04T17:11:23.986-05:00  WARN 35329 --- [api-gateway] [           main] c.c.c.ConfigServicePropertySourceLocator : Could not locate PropertySource: 500 : "{"timestamp":"2024-07-04T22:11:23.929+00:00","status":500,"error":"Internal Server Error","trace":"java.lang.IllegalStateException: Cannot load environment\n\tat org.springframework.cloud.config.server.environment.JGitEnvironmentRepository.refresh(JGitEnvironmentRepository.java:322)\n\tat org.springframework.cloud.config.server.environment.JGitEnvironmentRepository.getLocations(JGitEnvironmentRepository.java:262)\n\tat org.springframework.cloud.config.server.environment.MultipleJGitEnvironmentRepository.getLocations(MultipleJGitEnvironmentRepository.java:144)\n\tat org.springframework.cloud.config.server.environment.AbstractScmEnvironmentRepository.findOne(AbstractScmEnvironmentRepository.java:62)\n\tat org.springframework.cloud.config.server.environment.MultipleJGitEnvironmentRepository.findOneFromCandidate(MultipleJGitEnvironmentRepository.java:195)\n\tat org.springframework.cloud.config.server.environment.MultipleJGitEnvironmentRepository.findOne(MultipleJGitEnvironmentRepository.java:185)\n\tat org.springframework.cloud.config.server.environment.ObservationEnvironmentRepositoryWrapper.lambda$findOne$3(ObservationEnvironmentRepositoryWrapper.java:75)\n\tat io.micrometer.observation.Observation.observe(Observation.java:565)\n\tat org.springframework.cloud.config.server.environment.ObservationEnvironmentRepositoryWrapper.findOne(ObservationEnvironmentRepositoryWrapper.java:75)\n\tat org.springframework.cloud.config.server.environment.CompositeEnvironmentRepository.findOne(CompositeEnvironmentRepository.java:82)\n\tat org.springframework.cloud.config.server.environment.ObservationEnvironmentRepositoryWrapper.lambda$findOne$3(ObservationEnvironmentRepositoryWrapper.java:75)\n\tat io.micrometer.observation.Observation.observe(Observation.java:565)\n\tat org.springframework.cloud.config.server.environment.ObservationEnvironmentRepositoryWrapper.findOne(ObservationEnvironmentRepositoryWrapper.java:75)\n\tat org.springframework.cloud.config.server.environment.EnvironmentEncryptorEnvironmentRepository.findOne(EnvironmentEncryptorEnvironmentRepository.java:64)\n\tat org.springframework.cloud.config.server.environment.EnvironmentController.getEnvironment(EnvironmentController.java:134)\n\tat org.springframework.cloud.config.server.environment.EnvironmentController.defaultLabelIncludeOrigin(EnvironmentController.java:116)\n\tat java.base/jdk.internal.reflect.NativeMethodAccessorImpl.invoke0(Native Method)\n\tat java.base/jdk.internal.reflect.NativeMethodAccessorImpl.invoke(NativeMethodAccessorImpl.java:77)\n\tat java.base/jdk.internal.reflect.DelegatingMethodAccessorImpl.invoke(DelegatingMethodAccessorImpl.java:43)\n\tat java.base/java.lang.reflect.Method.invoke(Method.java:568)\n\tat org.springframework.util.ReflectionUtils.invokeMethod(ReflectionUtils.java:281)\n\tat org.springframework.cloud.context.scope.GenericScope$LockedScopedProxyFactoryBean.invoke(GenericScope.java:482)\n\tat org.springframework.aop.framework.ReflectiveMethodInvocation.proceed(ReflectiveMethodInvocation.java:184)\n\tat org.springframework.aop.framework.CglibAopProxy$CglibMethodInvocation.proceed(CglibAopProxy.java:768)\n\tat org.springframework.aop.framework.CglibAopProxy$DynamicAdvisedInterceptor.intercept(CglibAopProxy.java:720)\n\tat org.springframework.cloud.config.server.environment.EnvironmentController$$SpringCGLIB$$0.defaultLabelIncludeOrigin(<generated>)\n\tat java.base/jdk.internal.reflect.NativeMethodAccessorImpl.invoke0(Native Method)\n\tat java.base/jdk.internal.reflect.NativeMethodAccessorImpl.invoke(NativeMethodAccessorImpl.java:77)\n\tat java.base/jdk.internal.reflect.DelegatingMethodAccessorImpl.invoke(DelegatingMethodAccessorImpl.java:43)\n\tat java.base/java.lang.reflect.Method.invoke(Method.java:568)\n\tat org.springframework.web.method.support.InvocableHandlerMethod.doInvoke(InvocableHandlerMethod.java:255)\n\tat org.springframework.web.method.support.InvocableHandlerMethod.invokeForRequest(InvocableHandlerMethod.java:188)\n\tat org.springframework.web.servlet.mvc.method.annotation.ServletInvocableHandlerMethod.invokeAndHandle(ServletInvocableHandlerMethod.java:118)\n\tat org.springframework.web.servlet.mvc.method.annotation.RequestMappingHandlerAdapter.invokeHandlerMethod(RequestMappingHandlerAdapter.java:926)\n\tat org.springframework.web.servlet.mvc.method.annotation.RequestMappingHandlerAdapter.handleInternal(RequestMappingHandlerAdapter.java:831)\n\tat org.springframework.web.servlet.mvc.method.AbstractHandlerMethodAdapter.handle(AbstractHandlerMethodAdapter.java:87)\n\tat org.springframework.web.servlet.DispatcherServlet.doDispatch(DispatcherServlet.java:1089)\n\tat org.springframework.web.servlet.DispatcherServlet.doService(DispatcherServlet.java:979)\n\tat org.springframework.web.servlet.FrameworkServlet.processRequest(FrameworkServlet.java:1014)\n\tat org.springframework.web.servlet.FrameworkServlet.doGet(FrameworkServlet.java:903)\n\tat jakarta.servlet.http.HttpServlet.service(HttpServlet.java:564)\n\tat org.springframework.web.servlet.FrameworkServlet.service(FrameworkServlet.java:885)\n\tat jakarta.servlet.http.HttpServlet.service(HttpServlet.java:658)\n\tat org.apache.catalina.core.ApplicationFilterChain.internalDoFilter(ApplicationFilterChain.java:195)\n\tat org.apache.catalina.core.ApplicationFilterChain.doFilter(ApplicationFilterChain.java:140)\n\tat org.apache.tomcat.websocket.server.WsFilter.doFilter(WsFilter.java:51)\n\tat org.apache.catalina.core.ApplicationFilterChain.internalDoFilter(ApplicationFilterChain.java:164)\n\tat org.apache.catalina.core.ApplicationFilterChain.doFilter(ApplicationFilterChain.java:140)\n\tat org.springframework.web.filter.RequestContextFilter.doFilterInternal(RequestContextFilter.java:100)\n\tat org.springframework.web.filter.OncePerRequestFilter.doFilter(OncePerRequestFilter.java:116)\n\tat org.apache.catalina.core.ApplicationFilterChain.internalDoFilter(ApplicationFilterChain.java:164)\n\tat org.apache.catalina.core.ApplicationFilterChain.doFilter(ApplicationFilterChain.java:140)\n\tat org.springframework.web.filter.FormContentFilter.doFilterInternal(FormContentFilter.java:93)\n\tat org.springframework.web.filter.OncePerRequestFilter.doFilter(OncePerRequestFilter.java:116)\n\tat org.apache.catalina.core.ApplicationFilterChain.internalDoFilter(ApplicationFilterChain.java:164)\n\tat org.apache.catalina.core.ApplicationFilterChain.doFilter(ApplicationFilterChain.java:140)\n\tat org.springframework.web.filter.ServerHttpObservationFilter.doFilterInternal(ServerHttpObservationFilter.java:107)\n\tat org.springframework.web.filter.OncePerRequestFilter.doFilter(OncePerRequestFilter.java:116)\n\tat org.apache.catalina.core.ApplicationFilterChain.internalDoFilter(ApplicationFilterChain.java:164)\n\tat org.apache.catalina.core.ApplicationFilterChain.doFilter(ApplicationFilterChain.java:140)\n\tat org.springframework.web.filter.CharacterEncodingFilter.doFilterInternal(CharacterEncodingFilter.java:201)\n\tat org.springframework.web.filter.OncePerRequestFilter.doFilter(OncePerRequestFilter.java:116)\n\tat org.apache.catalina.core.ApplicationFilterChain.internalDoFilter(ApplicationFilterChain.java:164)\n\tat org.apache.catalina.core.ApplicationFilterChain.doFilter(ApplicationFilterChain.java:140)\n\tat org.apache.catalina.core.StandardWrapperValve.invoke(StandardWrapperValve.java:167)\n\tat org.apache.catalina.core.StandardContextValve.invoke(StandardContextValve.java:90)\n\tat org.apache.catalina.authenticator.AuthenticatorBase.invoke(AuthenticatorBase.java:482)\n\tat org.apache.catalina.core.StandardHostValve.invoke(StandardHostValve.java:115)\n\tat org.apache.catalina.valves.ErrorReportValve.invoke(ErrorReportValve.java:93)\n\tat org.apache.catalina.core.StandardEngineValve.invoke(StandardEngineValve.java:74)\n\tat org.apache.catalina.connector.CoyoteAdapter.service(CoyoteAdapter.java:344)\n\tat org.apache.coyote.http11.Http11Processor.service(Http11Processor.java:389)\n\tat org.apache.coyote.AbstractProcessorLight.process(AbstractProcessorLight.java:63)\n\tat org.apache.coyote.AbstractProtocol$ConnectionHandler.process(AbstractProtocol.java:904)\n\tat org.apache.tomcat.util.net.NioEndpoint$SocketProcessor.doRun(NioEndpoint.java:1741)\n\tat org.apache.tomcat.util.net.SocketProcessorBase.run(SocketProcessorBase.java:52)\n\tat org.apache.tomcat.util.threads.ThreadPoolExecutor.runWorker(ThreadPoolExecutor.java:1190)\n\tat org.apache.tomcat.util.threads.ThreadPoolExecutor$Worker.run(ThreadPoolExecutor.java:659)\n\tat org.apache.tomcat.util.threads.TaskThread$WrappingRunnable.run(TaskThread.java:63)\n\tat java.base/java.lang.Thread.run(Thread.java:840)\nCaused by: java.lang.IllegalStateException: No .git at file:///home/arkantos/CODE/BP/config-repo\n\tat org.springframework.util.Assert.state(Assert.java:76)\n\tat org.springframework.cloud.config.server.environment.JGitEnvironmentRepository.copyFromLocalRepository(JGitEnvironmentRepository.java:647)\n\tat org.springframework.cloud.config.server.environment.JGitEnvironmentRepository.copyRepository(JGitEnvironmentRepository.java:630)\n\tat org.springframework.cloud.config.server.environment.JGitEnvironmentRepository.createGitClient(JGitEnvironmentRepository.java:616)\n\tat org.springframework.cloud.config.server.environment.JGitEnvironmentRepository.refresh(JGitEnvironmentRepository.java:295)\n\t... 79 more\n","message":"Cannot load environment","path":"/api-gateway/default"}"
2024-07-04T17:11:23.998-05:00  INFO 35329 --- [api-gateway] [           main] c.a.ApiGatewayApplicationTests           : No active profile set, falling back to 1 default profile: "default"
2024-07-04T17:11:24.645-05:00  INFO 35329 --- [api-gateway] [           main] o.s.cloud.context.scope.GenericScope     : BeanFactory id=a841395c-8027-3c9e-a318-25e9f74511b2
2024-07-04T17:11:25.576-05:00  INFO 35329 --- [api-gateway] [           main] o.s.c.g.r.RouteDefinitionRouteLocator    : Loaded RoutePredicateFactory [After]
2024-07-04T17:11:25.576-05:00  INFO 35329 --- [api-gateway] [           main] o.s.c.g.r.RouteDefinitionRouteLocator    : Loaded RoutePredicateFactory [Before]
2024-07-04T17:11:25.576-05:00  INFO 35329 --- [api-gateway] [           main] o.s.c.g.r.RouteDefinitionRouteLocator    : Loaded RoutePredicateFactory [Between]
2024-07-04T17:11:25.576-05:00  INFO 35329 --- [api-gateway] [           main] o.s.c.g.r.RouteDefinitionRouteLocator    : Loaded RoutePredicateFactory [Cookie]
2024-07-04T17:11:25.577-05:00  INFO 35329 --- [api-gateway] [           main] o.s.c.g.r.RouteDefinitionRouteLocator    : Loaded RoutePredicateFactory [Header]
2024-07-04T17:11:25.577-05:00  INFO 35329 --- [api-gateway] [           main] o.s.c.g.r.RouteDefinitionRouteLocator    : Loaded RoutePredicateFactory [Host]
2024-07-04T17:11:25.577-05:00  INFO 35329 --- [api-gateway] [           main] o.s.c.g.r.RouteDefinitionRouteLocator    : Loaded RoutePredicateFactory [Method]
2024-07-04T17:11:25.577-05:00  INFO 35329 --- [api-gateway] [           main] o.s.c.g.r.RouteDefinitionRouteLocator    : Loaded RoutePredicateFactory [Path]
2024-07-04T17:11:25.577-05:00  INFO 35329 --- [api-gateway] [           main] o.s.c.g.r.RouteDefinitionRouteLocator    : Loaded RoutePredicateFactory [Query]
2024-07-04T17:11:25.577-05:00  INFO 35329 --- [api-gateway] [           main] o.s.c.g.r.RouteDefinitionRouteLocator    : Loaded RoutePredicateFactory [ReadBody]
2024-07-04T17:11:25.577-05:00  INFO 35329 --- [api-gateway] [           main] o.s.c.g.r.RouteDefinitionRouteLocator    : Loaded RoutePredicateFactory [RemoteAddr]
2024-07-04T17:11:25.577-05:00  INFO 35329 --- [api-gateway] [           main] o.s.c.g.r.RouteDefinitionRouteLocator    : Loaded RoutePredicateFactory [XForwardedRemoteAddr]
2024-07-04T17:11:25.577-05:00  INFO 35329 --- [api-gateway] [           main] o.s.c.g.r.RouteDefinitionRouteLocator    : Loaded RoutePredicateFactory [Weight]
2024-07-04T17:11:25.577-05:00  INFO 35329 --- [api-gateway] [           main] o.s.c.g.r.RouteDefinitionRouteLocator    : Loaded RoutePredicateFactory [CloudFoundryRouteService]
2024-07-04T17:11:25.855-05:00  INFO 35329 --- [api-gateway] [           main] o.s.b.a.e.web.EndpointLinksResolver      : Exposing 1 endpoint beneath base path '/actuator'
2024-07-04T17:11:26.187-05:00  INFO 35329 --- [api-gateway] [           main] c.a.ApiGatewayApplicationTests           : Started ApiGatewayApplicationTests in 3.223 seconds (process running for 3.792)
]]></system-out>
  </testcase>
</testsuite>